#
# A fatal error has been detected by the Java Runtime Environment:
#
#  EXCEPTION_ACCESS_VIOLATION (0xc0000005) at pc=0x0000015d6f80112d, pid=11008, tid=7100
#
# JRE version: OpenJDK Runtime Environment Temurin-11.0.20+8 (11.0.20+8) (build 11.0.20+8)
# Java VM: OpenJDK 64-Bit Server VM Temurin-11.0.20+8 (11.0.20+8, mixed mode, tiered, compressed oops, g1 gc, windows-amd64)
# Problematic frame:
# v  ~StubRoutines::get_previous_fp
#
# No core dump will be written. Minidumps are not enabled by default on client versions of Windows
#
# If you would like to submit a bug report, please visit:
#   https://github.com/adoptium/adoptium-support/issues
#

---------------  S U M M A R Y ------------

Command Line: -javaagent:C:\\Users\\Юлин ноутбук\\.m2\\repository\\org\\jacoco\\org.jacoco.agent\\0.8.5\\org.jacoco.agent-0.8.5-runtime.jar=destfile=C:\\Users\\Юлин ноутбук\\Desktop\\Temp\\TeamProjectJava\\target\\jacoco.exec C:\Users\170D~1\AppData\Local\Temp\surefire17233524615573201084\surefirebooter1151299376918232542.jar C:\Users\Юлин ноутбук\AppData\Local\Temp\surefire17233524615573201084 2023-11-16T23-04-36_901-jvmRun1 surefire17996917814296034674tmp surefire_013972186718482888079tmp

Host: Intel(R) Core(TM) i3-4000M CPU @ 2.40GHz, 4 cores, 7G,  Windows 10 , 64 bit Build 19041 (10.0.19041.3570)
Time: Thu Nov 16 23:04:38 2023 RTZ 3 (s 10 , 64 bit Build 19041 (10.0.19041.3570) elapsed time: 0.488292 seconds (0d 0h 0m 0s)

---------------  T H R E A D  ---------------

Current thread (0x0000015d67082800):  JavaThread "main" [_thread_in_vm, id=7100, stack(0x0000001ae9100000,0x0000001ae9200000)]

Stack: [0x0000001ae9100000,0x0000001ae9200000],  sp=0x0000001ae91ff6b0,  free space=1021k
Native frames: (J=compiled Java code, j=interpreted, Vv=VM code, C=native code)
C  0x0000015d6f80112d


siginfo: EXCEPTION_ACCESS_VIOLATION (0xc0000005), reading address 0x00000000000003d8


Register to memory mapping:

RIP=0x0000015d6f80112d is at begin+8 in a stub
StubRoutines::get_previous_fp [0x0000015d6f801125, 0x0000015d6f801132[ (13 bytes)
RAX=0x00000000000003d8 is an unknown value
RBX=0x0000001ae91ff750 is pointing into the stack for thread: 0x0000015d67082800
RCX=0x0000001ae91ff750 is pointing into the stack for thread: 0x0000015d67082800
RDX=0x0 is NULL
RSP=0x0000001ae91ff6b0 is pointing into the stack for thread: 0x0000015d67082800
RBP=0x0000001ae91ff6b0 is pointing into the stack for thread: 0x0000015d67082800
RSI=0x0 is NULL
RDI=0x0000015d67082800 is a thread
R8 =0x0000001ae91ff628 is pointing into the stack for thread: 0x0000015d67082800
R9 =0x0000000000000001 is an unknown value
R10=0x0 is NULL
R11=0x0000001ae91ff6e0 is pointing into the stack for thread: 0x0000015d67082800
R12=0x0000015d670831d8 points into unknown readable memory: 0x08033002ddd2689f | 9f 68 d2 dd 02 30 03 08
R13=0x0000000000000008 is an unknown value
R14=0x0000015d7fe04dd0 points into unknown readable memory: 0x00000000899dda38 | 38 da 9d 89 00 00 00 00
R15=0x0000015d67082e00 points into unknown readable memory: 0x0072006f006d0020 | 20 00 6d 00 6f 00 72 00


Registers:
RAX=0x00000000000003d8, RBX=0x0000001ae91ff750, RCX=0x0000001ae91ff750, RDX=0x0000000000000000
RSP=0x0000001ae91ff6b0, RBP=0x0000001ae91ff6b0, RSI=0x0000000000000000, RDI=0x0000015d67082800
R8 =0x0000001ae91ff628, R9 =0x0000000000000001, R10=0x0000000000000000, R11=0x0000001ae91ff6e0
R12=0x0000015d670831d8, R13=0x0000000000000008, R14=0x0000015d7fe04dd0, R15=0x0000015d67082e00
RIP=0x0000015d6f80112d, EFLAGS=0x0000000000010202

Top of Stack: (sp=0x0000001ae91ff6b0)
0x0000001ae91ff6b0:   00000000000003d8 00007ffc5c77f6a6
0x0000001ae91ff6c0:   00000000000000af 0000001ae91ff7b0
0x0000001ae91ff6d0:   00007ffcc46c82d0 00007ffccbbeb3e4
0x0000001ae91ff6e0:   0000015d67082df0 00007ffc5c1f200c
0x0000001ae91ff6f0:   0000015d67082800 0000015d64e6f2a0
0x0000001ae91ff700:   00000000000007d0 0000000000007fd8
0x0000001ae91ff710:   0000015d67082800 00007ffc5c8d2fb1
0x0000001ae91ff720:   0000015d64e6f2a0 0000015d67082df0
0x0000001ae91ff730:   0000015d67082df0 0000015d7f8c8478
0x0000001ae91ff740:   0000015d64e74aa8 00007ffcc46c148c
0x0000001ae91ff750:   0000000000000000 0000000000000024
0x0000001ae91ff760:   00007ffcc46c82d0 0000001ae91ff7b0
0x0000001ae91ff770:   00007ffccbcbf540 0000015d67075530
0x0000001ae91ff780:   0000596dec609e9d 00007ffcc46c7ae0
0x0000001ae91ff790:   0000015d67082800 00007ffc5c781dc0
0x0000001ae91ff7a0:   0000015d67082b48 00007ffcc46c82d0 

Instructions: (pc=0x0000015d6f80112d)
0x0000015d6f80102d:   84 83 00 00 00 83 fa 07 0f 84 80 00 00 00 89 01
0x0000015d6f80103d:   48 8d a5 28 fe ff ff c5 fa 6f 75 b8 c5 fa 6f 7d
0x0000015d6f80104d:   a8 c5 7a 6f 45 98 c5 7a 6f 4d 88 c5 7a 6f 95 78
0x0000015d6f80105d:   ff ff ff c5 7a 6f 9d 68 ff ff ff c5 7a 6f a5 58
0x0000015d6f80106d:   ff ff ff c5 7a 6f ad 48 ff ff ff c5 7a 6f b5 38
0x0000015d6f80107d:   ff ff ff c5 7a 6f bd 28 ff ff ff 4c 8b 7d c8 4c
0x0000015d6f80108d:   8b 75 d0 4c 8b 6d d8 4c 8b 65 e0 48 8b 5d f8 48
0x0000015d6f80109d:   8b 7d e8 48 8b 75 f0 48 81 c4 d8 01 00 00 c5 f8
0x0000015d6f8010ad:   77 5d c3 48 89 01 eb 88 c5 fa 11 01 eb 82 c5 fb
0x0000015d6f8010bd:   11 01 e9 79 ff ff ff 49 89 47 08 49 ba f0 e0 a7
0x0000015d6f8010cd:   5c fc 7f 00 00 4d 89 57 10 41 c7 47 18 da 01 00
0x0000015d6f8010dd:   00 e9 2d ff ff ff 8b c1 87 02 c3 48 8b c1 48 87
0x0000015d6f8010ed:   02 c3 41 8b c0 f0 0f b1 0a c3 49 0f be c0 f0 0f
0x0000015d6f8010fd:   b0 0a c3 49 8b c0 f0 48 0f b1 0a c3 8b c1 f0 0f
0x0000015d6f80110d:   c1 0a 03 c1 c3 48 8b c1 f0 48 0f c1 0a 48 03 c1
0x0000015d6f80111d:   c3 f0 83 44 24 c0 00 c3 55 48 8b ec 48 8b 45 00
0x0000015d6f80112d:   48 8b 00 5d c3 48 8b c4 48 83 c0 08 c3 c3 0f 1f
0x0000015d6f80113d:   44 00 00 55 48 8b ec 49 b9 b0 90 bc 5c fc 7f 00
0x0000015d6f80114d:   00 f7 d1 41 83 f8 10 0f 8c 38 02 00 00 44 8b da
0x0000015d6f80115d:   41 83 e3 0f 74 23 41 83 eb 10 45 03 c3 66 90 0f
0x0000015d6f80116d:   be 02 33 c1 81 e0 ff 00 00 00 c1 e9 08 41 33 0c
0x0000015d6f80117d:   81 48 ff c2 41 ff c3 7c e6 45 8b d8 41 c1 e8 04
0x0000015d6f80118d:   0f 84 fc 01 00 00 c5 f9 6f 0a c5 f9 7e c8 33 c8
0x0000015d6f80119d:   c4 e3 71 22 c9 00 48 83 c2 10 41 83 e8 04 0f 8c
0x0000015d6f8011ad:   d7 00 00 00 c5 f9 6f 12 c5 f9 6f 5a 10 c5 f9 6f
0x0000015d6f8011bd:   62 20 48 83 c2 30 41 83 e8 03 0f 8e 70 00 00 00
0x0000015d6f8011cd:   49 ba a0 90 bc 5c fc 7f 00 00 c4 c1 7a 6f 02 0f
0x0000015d6f8011dd:   1f 40 00 c4 e3 79 44 e9 11 c4 e3 79 44 c9 00 c5
0x0000015d6f8011ed:   f1 ef 0a c5 f1 ef cd c4 e3 79 44 ea 11 c4 e3 79
0x0000015d6f8011fd:   44 d2 00 c5 e9 ef 52 10 c5 e9 ef d5 c4 e3 79 44
0x0000015d6f80120d:   eb 11 c4 e3 79 44 db 00 c5 e1 ef 5a 20 c5 e1 ef
0x0000015d6f80121d:   dd c4 e3 79 44 ec 11 c4 e3 79 44 e4 00 c5 d9 ef 


Stack slot to memory mapping:
stack at sp + 0 slots: 0x00000000000003d8 is an unknown value
stack at sp + 1 slots: 0x00007ffc5c77f6a6 jvm.dll
stack at sp + 2 slots: 0x00000000000000af is an unknown value
stack at sp + 3 slots: 0x0000001ae91ff7b0 is pointing into the stack for thread: 0x0000015d67082800
stack at sp + 4 slots: 0x00007ffcc46c82d0 instrument.dll
stack at sp + 5 slots: 0x00007ffccbbeb3e4 ucrtbase.dll
stack at sp + 6 slots: 0x0000015d67082df0 points into unknown readable memory: 0x0000015d7fe04dc0 | c0 4d e0 7f 5d 01 00 00
stack at sp + 7 slots: 0x00007ffc5c1f200c jvm.dll

StubRoutines::get_previous_fp [0x0000015d6f801125, 0x0000015d6f801132[ (13 bytes)
---------------  P R O C E S S  ---------------

Threads class SMR info:
_java_thread_list=0x0000015d7fbd9340, length=10, elements={
0x0000015d67082800, 0x0000015d7f8c9000, 0x0000015d7f8f5800, 0x0000015d7f908000,
0x0000015d7f90a000, 0x0000015d7f90b000, 0x0000015d7f919800, 0x0000015d7f91a800,
0x0000015d7face800, 0x0000015d7f887000
}

Java Threads: ( => current thread )
=>0x0000015d67082800 JavaThread "main" [_thread_in_vm, id=7100, stack(0x0000001ae9100000,0x0000001ae9200000)]
  0x0000015d7f8c9000 JavaThread "Reference Handler" daemon [_thread_blocked, id=10780, stack(0x0000001ae9800000,0x0000001ae9900000)]
  0x0000015d7f8f5800 JavaThread "Finalizer" daemon [_thread_blocked, id=14488, stack(0x0000001ae9900000,0x0000001ae9a00000)]
  0x0000015d7f908000 JavaThread "Signal Dispatcher" daemon [_thread_blocked, id=14952, stack(0x0000001ae9a00000,0x0000001ae9b00000)]
  0x0000015d7f90a000 JavaThread "Attach Listener" daemon [_thread_blocked, id=14276, stack(0x0000001ae9b00000,0x0000001ae9c00000)]
  0x0000015d7f90b000 JavaThread "Service Thread" daemon [_thread_blocked, id=13280, stack(0x0000001ae9c00000,0x0000001ae9d00000)]
  0x0000015d7f919800 JavaThread "C2 CompilerThread0" daemon [_thread_blocked, id=14928, stack(0x0000001ae9d00000,0x0000001ae9e00000)]
  0x0000015d7f91a800 JavaThread "C1 CompilerThread0" daemon [_thread_blocked, id=2888, stack(0x0000001ae9e00000,0x0000001ae9f00000)]
  0x0000015d7face800 JavaThread "Sweeper thread" daemon [_thread_blocked, id=6108, stack(0x0000001ae9f00000,0x0000001aea000000)]
  0x0000015d7f887000 JavaThread "Common-Cleaner" daemon [_thread_blocked, id=11776, stack(0x0000001aea000000,0x0000001aea100000)]

Other Threads:
  0x0000015d7f8c6800 VMThread "VM Thread" [stack: 0x0000001ae9700000,0x0000001ae9800000] [id=12420]
  0x0000015d6709c000 GCTaskThread "GC Thread#0" [stack: 0x0000001ae9200000,0x0000001ae9300000] [id=10624]
  0x0000015d670cd000 ConcurrentGCThread "G1 Main Marker" [stack: 0x0000001ae9300000,0x0000001ae9400000] [id=13948]
  0x0000015d670cf800 ConcurrentGCThread "G1 Conc#0" [stack: 0x0000001ae9400000,0x0000001ae9500000] [id=15320]
  0x0000015d67150000 ConcurrentGCThread "G1 Refine#0" [stack: 0x0000001ae9500000,0x0000001ae9600000] [id=3496]
  0x0000015d7f740800 ConcurrentGCThread "G1 Young RemSet Sampling" [stack: 0x0000001ae9600000,0x0000001ae9700000] [id=1512]

Threads with active compile tasks:

VM state:not at safepoint (normal execution)

VM Mutex/Monitor currently owned by a thread: None

Heap address: 0x0000000081c00000, size: 2020 MB, Compressed Oops mode: 32-bit
Narrow klass base: 0x0000000000000000, Narrow klass shift: 3
Compressed class space size: 1073741824 Address: 0x0000000100000000

Heap:
 garbage-first heap   total 131072K, used 2048K [0x0000000081c00000, 0x0000000100000000)
  region size 1024K, 3 young (3072K), 0 survivors (0K)
 Metaspace       used 6706K, capacity 6850K, committed 7168K, reserved 1056768K
  class space    used 582K, capacity 643K, committed 768K, reserved 1048576K
Heap Regions: E=young(eden), S=young(survivor), O=old, HS=humongous(starts), HC=humongous(continues), CS=collection set, F=free, A=archive, TAMS=top-at-mark-start (previous, next)
|   0|0x0000000081c00000, 0x0000000081c00000, 0x0000000081d00000|  0%| F|  |TAMS 0x0000000081c00000, 0x0000000081c00000| Untracked 
|   1|0x0000000081d00000, 0x0000000081d00000, 0x0000000081e00000|  0%| F|  |TAMS 0x0000000081d00000, 0x0000000081d00000| Untracked 
|   2|0x0000000081e00000, 0x0000000081e00000, 0x0000000081f00000|  0%| F|  |TAMS 0x0000000081e00000, 0x0000000081e00000| Untracked 
|   3|0x0000000081f00000, 0x0000000081f00000, 0x0000000082000000|  0%| F|  |TAMS 0x0000000081f00000, 0x0000000081f00000| Untracked 
|   4|0x0000000082000000, 0x0000000082000000, 0x0000000082100000|  0%| F|  |TAMS 0x0000000082000000, 0x0000000082000000| Untracked 
|   5|0x0000000082100000, 0x0000000082100000, 0x0000000082200000|  0%| F|  |TAMS 0x0000000082100000, 0x0000000082100000| Untracked 
|   6|0x0000000082200000, 0x0000000082200000, 0x0000000082300000|  0%| F|  |TAMS 0x0000000082200000, 0x0000000082200000| Untracked 
|   7|0x0000000082300000, 0x0000000082300000, 0x0000000082400000|  0%| F|  |TAMS 0x0000000082300000, 0x0000000082300000| Untracked 
|   8|0x0000000082400000, 0x0000000082400000, 0x0000000082500000|  0%| F|  |TAMS 0x0000000082400000, 0x0000000082400000| Untracked 
|   9|0x0000000082500000, 0x0000000082500000, 0x0000000082600000|  0%| F|  |TAMS 0x0000000082500000, 0x0000000082500000| Untracked 
|  10|0x0000000082600000, 0x0000000082600000, 0x0000000082700000|  0%| F|  |TAMS 0x0000000082600000, 0x0000000082600000| Untracked 
|  11|0x0000000082700000, 0x0000000082700000, 0x0000000082800000|  0%| F|  |TAMS 0x0000000082700000, 0x0000000082700000| Untracked 
|  12|0x0000000082800000, 0x0000000082800000, 0x0000000082900000|  0%| F|  |TAMS 0x0000000082800000, 0x0000000082800000| Untracked 
|  13|0x0000000082900000, 0x0000000082900000, 0x0000000082a00000|  0%| F|  |TAMS 0x0000000082900000, 0x0000000082900000| Untracked 
|  14|0x0000000082a00000, 0x0000000082a00000, 0x0000000082b00000|  0%| F|  |TAMS 0x0000000082a00000, 0x0000000082a00000| Untracked 
|  15|0x0000000082b00000, 0x0000000082b00000, 0x0000000082c00000|  0%| F|  |TAMS 0x0000000082b00000, 0x0000000082b00000| Untracked 
|  16|0x0000000082c00000, 0x0000000082c00000, 0x0000000082d00000|  0%| F|  |TAMS 0x0000000082c00000, 0x0000000082c00000| Untracked 
|  17|0x0000000082d00000, 0x0000000082d00000, 0x0000000082e00000|  0%| F|  |TAMS 0x0000000082d00000, 0x0000000082d00000| Untracked 
|  18|0x0000000082e00000, 0x0000000082e00000, 0x0000000082f00000|  0%| F|  |TAMS 0x0000000082e00000, 0x0000000082e00000| Untracked 
|  19|0x0000000082f00000, 0x0000000082f00000, 0x0000000083000000|  0%| F|  |TAMS 0x0000000082f00000, 0x0000000082f00000| Untracked 
|  20|0x0000000083000000, 0x0000000083000000, 0x0000000083100000|  0%| F|  |TAMS 0x0000000083000000, 0x0000000083000000| Untracked 
|  21|0x0000000083100000, 0x0000000083100000, 0x0000000083200000|  0%| F|  |TAMS 0x0000000083100000, 0x0000000083100000| Untracked 
|  22|0x0000000083200000, 0x0000000083200000, 0x0000000083300000|  0%| F|  |TAMS 0x0000000083200000, 0x0000000083200000| Untracked 
|  23|0x0000000083300000, 0x0000000083300000, 0x0000000083400000|  0%| F|  |TAMS 0x0000000083300000, 0x0000000083300000| Untracked 
|  24|0x0000000083400000, 0x0000000083400000, 0x0000000083500000|  0%| F|  |TAMS 0x0000000083400000, 0x0000000083400000| Untracked 
|  25|0x0000000083500000, 0x0000000083500000, 0x0000000083600000|  0%| F|  |TAMS 0x0000000083500000, 0x0000000083500000| Untracked 
|  26|0x0000000083600000, 0x0000000083600000, 0x0000000083700000|  0%| F|  |TAMS 0x0000000083600000, 0x0000000083600000| Untracked 
|  27|0x0000000083700000, 0x0000000083700000, 0x0000000083800000|  0%| F|  |TAMS 0x0000000083700000, 0x0000000083700000| Untracked 
|  28|0x0000000083800000, 0x0000000083800000, 0x0000000083900000|  0%| F|  |TAMS 0x0000000083800000, 0x0000000083800000| Untracked 
|  29|0x0000000083900000, 0x0000000083900000, 0x0000000083a00000|  0%| F|  |TAMS 0x0000000083900000, 0x0000000083900000| Untracked 
|  30|0x0000000083a00000, 0x0000000083a00000, 0x0000000083b00000|  0%| F|  |TAMS 0x0000000083a00000, 0x0000000083a00000| Untracked 
|  31|0x0000000083b00000, 0x0000000083b00000, 0x0000000083c00000|  0%| F|  |TAMS 0x0000000083b00000, 0x0000000083b00000| Untracked 
|  32|0x0000000083c00000, 0x0000000083c00000, 0x0000000083d00000|  0%| F|  |TAMS 0x0000000083c00000, 0x0000000083c00000| Untracked 
|  33|0x0000000083d00000, 0x0000000083d00000, 0x0000000083e00000|  0%| F|  |TAMS 0x0000000083d00000, 0x0000000083d00000| Untracked 
|  34|0x0000000083e00000, 0x0000000083e00000, 0x0000000083f00000|  0%| F|  |TAMS 0x0000000083e00000, 0x0000000083e00000| Untracked 
|  35|0x0000000083f00000, 0x0000000083f00000, 0x0000000084000000|  0%| F|  |TAMS 0x0000000083f00000, 0x0000000083f00000| Untracked 
|  36|0x0000000084000000, 0x0000000084000000, 0x0000000084100000|  0%| F|  |TAMS 0x0000000084000000, 0x0000000084000000| Untracked 
|  37|0x0000000084100000, 0x0000000084100000, 0x0000000084200000|  0%| F|  |TAMS 0x0000000084100000, 0x0000000084100000| Untracked 
|  38|0x0000000084200000, 0x0000000084200000, 0x0000000084300000|  0%| F|  |TAMS 0x0000000084200000, 0x0000000084200000| Untracked 
|  39|0x0000000084300000, 0x0000000084300000, 0x0000000084400000|  0%| F|  |TAMS 0x0000000084300000, 0x0000000084300000| Untracked 
|  40|0x0000000084400000, 0x0000000084400000, 0x0000000084500000|  0%| F|  |TAMS 0x0000000084400000, 0x0000000084400000| Untracked 
|  41|0x0000000084500000, 0x0000000084500000, 0x0000000084600000|  0%| F|  |TAMS 0x0000000084500000, 0x0000000084500000| Untracked 
|  42|0x0000000084600000, 0x0000000084600000, 0x0000000084700000|  0%| F|  |TAMS 0x0000000084600000, 0x0000000084600000| Untracked 
|  43|0x0000000084700000, 0x0000000084700000, 0x0000000084800000|  0%| F|  |TAMS 0x0000000084700000, 0x0000000084700000| Untracked 
|  44|0x0000000084800000, 0x0000000084800000, 0x0000000084900000|  0%| F|  |TAMS 0x0000000084800000, 0x0000000084800000| Untracked 
|  45|0x0000000084900000, 0x0000000084900000, 0x0000000084a00000|  0%| F|  |TAMS 0x0000000084900000, 0x0000000084900000| Untracked 
|  46|0x0000000084a00000, 0x0000000084a00000, 0x0000000084b00000|  0%| F|  |TAMS 0x0000000084a00000, 0x0000000084a00000| Untracked 
|  47|0x0000000084b00000, 0x0000000084b00000, 0x0000000084c00000|  0%| F|  |TAMS 0x0000000084b00000, 0x0000000084b00000| Untracked 
|  48|0x0000000084c00000, 0x0000000084c00000, 0x0000000084d00000|  0%| F|  |TAMS 0x0000000084c00000, 0x0000000084c00000| Untracked 
|  49|0x0000000084d00000, 0x0000000084d00000, 0x0000000084e00000|  0%| F|  |TAMS 0x0000000084d00000, 0x0000000084d00000| Untracked 
|  50|0x0000000084e00000, 0x0000000084e00000, 0x0000000084f00000|  0%| F|  |TAMS 0x0000000084e00000, 0x0000000084e00000| Untracked 
|  51|0x0000000084f00000, 0x0000000084f00000, 0x0000000085000000|  0%| F|  |TAMS 0x0000000084f00000, 0x0000000084f00000| Untracked 
|  52|0x0000000085000000, 0x0000000085000000, 0x0000000085100000|  0%| F|  |TAMS 0x0000000085000000, 0x0000000085000000| Untracked 
|  53|0x0000000085100000, 0x0000000085100000, 0x0000000085200000|  0%| F|  |TAMS 0x0000000085100000, 0x0000000085100000| Untracked 
|  54|0x0000000085200000, 0x0000000085200000, 0x0000000085300000|  0%| F|  |TAMS 0x0000000085200000, 0x0000000085200000| Untracked 
|  55|0x0000000085300000, 0x0000000085300000, 0x0000000085400000|  0%| F|  |TAMS 0x0000000085300000, 0x0000000085300000| Untracked 
|  56|0x0000000085400000, 0x0000000085400000, 0x0000000085500000|  0%| F|  |TAMS 0x0000000085400000, 0x0000000085400000| Untracked 
|  57|0x0000000085500000, 0x0000000085500000, 0x0000000085600000|  0%| F|  |TAMS 0x0000000085500000, 0x0000000085500000| Untracked 
|  58|0x0000000085600000, 0x0000000085600000, 0x0000000085700000|  0%| F|  |TAMS 0x0000000085600000, 0x0000000085600000| Untracked 
|  59|0x0000000085700000, 0x0000000085700000, 0x0000000085800000|  0%| F|  |TAMS 0x0000000085700000, 0x0000000085700000| Untracked 
|  60|0x0000000085800000, 0x0000000085800000, 0x0000000085900000|  0%| F|  |TAMS 0x0000000085800000, 0x0000000085800000| Untracked 
|  61|0x0000000085900000, 0x0000000085900000, 0x0000000085a00000|  0%| F|  |TAMS 0x0000000085900000, 0x0000000085900000| Untracked 
|  62|0x0000000085a00000, 0x0000000085a00000, 0x0000000085b00000|  0%| F|  |TAMS 0x0000000085a00000, 0x0000000085a00000| Untracked 
|  63|0x0000000085b00000, 0x0000000085b00000, 0x0000000085c00000|  0%| F|  |TAMS 0x0000000085b00000, 0x0000000085b00000| Untracked 
|  64|0x0000000085c00000, 0x0000000085c00000, 0x0000000085d00000|  0%| F|  |TAMS 0x0000000085c00000, 0x0000000085c00000| Untracked 
|  65|0x0000000085d00000, 0x0000000085d00000, 0x0000000085e00000|  0%| F|  |TAMS 0x0000000085d00000, 0x0000000085d00000| Untracked 
|  66|0x0000000085e00000, 0x0000000085e00000, 0x0000000085f00000|  0%| F|  |TAMS 0x0000000085e00000, 0x0000000085e00000| Untracked 
|  67|0x0000000085f00000, 0x0000000085f00000, 0x0000000086000000|  0%| F|  |TAMS 0x0000000085f00000, 0x0000000085f00000| Untracked 
|  68|0x0000000086000000, 0x0000000086000000, 0x0000000086100000|  0%| F|  |TAMS 0x0000000086000000, 0x0000000086000000| Untracked 
|  69|0x0000000086100000, 0x0000000086100000, 0x0000000086200000|  0%| F|  |TAMS 0x0000000086100000, 0x0000000086100000| Untracked 
|  70|0x0000000086200000, 0x0000000086200000, 0x0000000086300000|  0%| F|  |TAMS 0x0000000086200000, 0x0000000086200000| Untracked 
|  71|0x0000000086300000, 0x0000000086300000, 0x0000000086400000|  0%| F|  |TAMS 0x0000000086300000, 0x0000000086300000| Untracked 
|  72|0x0000000086400000, 0x0000000086400000, 0x0000000086500000|  0%| F|  |TAMS 0x0000000086400000, 0x0000000086400000| Untracked 
|  73|0x0000000086500000, 0x0000000086500000, 0x0000000086600000|  0%| F|  |TAMS 0x0000000086500000, 0x0000000086500000| Untracked 
|  74|0x0000000086600000, 0x0000000086600000, 0x0000000086700000|  0%| F|  |TAMS 0x0000000086600000, 0x0000000086600000| Untracked 
|  75|0x0000000086700000, 0x0000000086700000, 0x0000000086800000|  0%| F|  |TAMS 0x0000000086700000, 0x0000000086700000| Untracked 
|  76|0x0000000086800000, 0x0000000086800000, 0x0000000086900000|  0%| F|  |TAMS 0x0000000086800000, 0x0000000086800000| Untracked 
|  77|0x0000000086900000, 0x0000000086900000, 0x0000000086a00000|  0%| F|  |TAMS 0x0000000086900000, 0x0000000086900000| Untracked 
|  78|0x0000000086a00000, 0x0000000086a00000, 0x0000000086b00000|  0%| F|  |TAMS 0x0000000086a00000, 0x0000000086a00000| Untracked 
|  79|0x0000000086b00000, 0x0000000086b00000, 0x0000000086c00000|  0%| F|  |TAMS 0x0000000086b00000, 0x0000000086b00000| Untracked 
|  80|0x0000000086c00000, 0x0000000086c00000, 0x0000000086d00000|  0%| F|  |TAMS 0x0000000086c00000, 0x0000000086c00000| Untracked 
|  81|0x0000000086d00000, 0x0000000086d00000, 0x0000000086e00000|  0%| F|  |TAMS 0x0000000086d00000, 0x0000000086d00000| Untracked 
|  82|0x0000000086e00000, 0x0000000086e00000, 0x0000000086f00000|  0%| F|  |TAMS 0x0000000086e00000, 0x0000000086e00000| Untracked 
|  83|0x0000000086f00000, 0x0000000086f00000, 0x0000000087000000|  0%| F|  |TAMS 0x0000000086f00000, 0x0000000086f00000| Untracked 
|  84|0x0000000087000000, 0x0000000087000000, 0x0000000087100000|  0%| F|  |TAMS 0x0000000087000000, 0x0000000087000000| Untracked 
|  85|0x0000000087100000, 0x0000000087100000, 0x0000000087200000|  0%| F|  |TAMS 0x0000000087100000, 0x0000000087100000| Untracked 
|  86|0x0000000087200000, 0x0000000087200000, 0x0000000087300000|  0%| F|  |TAMS 0x0000000087200000, 0x0000000087200000| Untracked 
|  87|0x0000000087300000, 0x0000000087300000, 0x0000000087400000|  0%| F|  |TAMS 0x0000000087300000, 0x0000000087300000| Untracked 
|  88|0x0000000087400000, 0x0000000087400000, 0x0000000087500000|  0%| F|  |TAMS 0x0000000087400000, 0x0000000087400000| Untracked 
|  89|0x0000000087500000, 0x0000000087500000, 0x0000000087600000|  0%| F|  |TAMS 0x0000000087500000, 0x0000000087500000| Untracked 
|  90|0x0000000087600000, 0x0000000087600000, 0x0000000087700000|  0%| F|  |TAMS 0x0000000087600000, 0x0000000087600000| Untracked 
|  91|0x0000000087700000, 0x0000000087700000, 0x0000000087800000|  0%| F|  |TAMS 0x0000000087700000, 0x0000000087700000| Untracked 
|  92|0x0000000087800000, 0x0000000087800000, 0x0000000087900000|  0%| F|  |TAMS 0x0000000087800000, 0x0000000087800000| Untracked 
|  93|0x0000000087900000, 0x0000000087900000, 0x0000000087a00000|  0%| F|  |TAMS 0x0000000087900000, 0x0000000087900000| Untracked 
|  94|0x0000000087a00000, 0x0000000087a00000, 0x0000000087b00000|  0%| F|  |TAMS 0x0000000087a00000, 0x0000000087a00000| Untracked 
|  95|0x0000000087b00000, 0x0000000087b00000, 0x0000000087c00000|  0%| F|  |TAMS 0x0000000087b00000, 0x0000000087b00000| Untracked 
|  96|0x0000000087c00000, 0x0000000087c00000, 0x0000000087d00000|  0%| F|  |TAMS 0x0000000087c00000, 0x0000000087c00000| Untracked 
|  97|0x0000000087d00000, 0x0000000087d00000, 0x0000000087e00000|  0%| F|  |TAMS 0x0000000087d00000, 0x0000000087d00000| Untracked 
|  98|0x0000000087e00000, 0x0000000087e00000, 0x0000000087f00000|  0%| F|  |TAMS 0x0000000087e00000, 0x0000000087e00000| Untracked 
|  99|0x0000000087f00000, 0x0000000087f00000, 0x0000000088000000|  0%| F|  |TAMS 0x0000000087f00000, 0x0000000087f00000| Untracked 
| 100|0x0000000088000000, 0x0000000088000000, 0x0000000088100000|  0%| F|  |TAMS 0x0000000088000000, 0x0000000088000000| Untracked 
| 101|0x0000000088100000, 0x0000000088100000, 0x0000000088200000|  0%| F|  |TAMS 0x0000000088100000, 0x0000000088100000| Untracked 
| 102|0x0000000088200000, 0x0000000088200000, 0x0000000088300000|  0%| F|  |TAMS 0x0000000088200000, 0x0000000088200000| Untracked 
| 103|0x0000000088300000, 0x0000000088300000, 0x0000000088400000|  0%| F|  |TAMS 0x0000000088300000, 0x0000000088300000| Untracked 
| 104|0x0000000088400000, 0x0000000088400000, 0x0000000088500000|  0%| F|  |TAMS 0x0000000088400000, 0x0000000088400000| Untracked 
| 105|0x0000000088500000, 0x0000000088500000, 0x0000000088600000|  0%| F|  |TAMS 0x0000000088500000, 0x0000000088500000| Untracked 
| 106|0x0000000088600000, 0x0000000088600000, 0x0000000088700000|  0%| F|  |TAMS 0x0000000088600000, 0x0000000088600000| Untracked 
| 107|0x0000000088700000, 0x0000000088700000, 0x0000000088800000|  0%| F|  |TAMS 0x0000000088700000, 0x0000000088700000| Untracked 
| 108|0x0000000088800000, 0x0000000088800000, 0x0000000088900000|  0%| F|  |TAMS 0x0000000088800000, 0x0000000088800000| Untracked 
| 109|0x0000000088900000, 0x0000000088900000, 0x0000000088a00000|  0%| F|  |TAMS 0x0000000088900000, 0x0000000088900000| Untracked 
| 110|0x0000000088a00000, 0x0000000088a00000, 0x0000000088b00000|  0%| F|  |TAMS 0x0000000088a00000, 0x0000000088a00000| Untracked 
| 111|0x0000000088b00000, 0x0000000088b00000, 0x0000000088c00000|  0%| F|  |TAMS 0x0000000088b00000, 0x0000000088b00000| Untracked 
| 112|0x0000000088c00000, 0x0000000088c00000, 0x0000000088d00000|  0%| F|  |TAMS 0x0000000088c00000, 0x0000000088c00000| Untracked 
| 113|0x0000000088d00000, 0x0000000088d00000, 0x0000000088e00000|  0%| F|  |TAMS 0x0000000088d00000, 0x0000000088d00000| Untracked 
| 114|0x0000000088e00000, 0x0000000088e00000, 0x0000000088f00000|  0%| F|  |TAMS 0x0000000088e00000, 0x0000000088e00000| Untracked 
| 115|0x0000000088f00000, 0x0000000088f00000, 0x0000000089000000|  0%| F|  |TAMS 0x0000000088f00000, 0x0000000088f00000| Untracked 
| 116|0x0000000089000000, 0x0000000089000000, 0x0000000089100000|  0%| F|  |TAMS 0x0000000089000000, 0x0000000089000000| Untracked 
| 117|0x0000000089100000, 0x0000000089100000, 0x0000000089200000|  0%| F|  |TAMS 0x0000000089100000, 0x0000000089100000| Untracked 
| 118|0x0000000089200000, 0x0000000089200000, 0x0000000089300000|  0%| F|  |TAMS 0x0000000089200000, 0x0000000089200000| Untracked 
| 119|0x0000000089300000, 0x0000000089300000, 0x0000000089400000|  0%| F|  |TAMS 0x0000000089300000, 0x0000000089300000| Untracked 
| 120|0x0000000089400000, 0x0000000089400000, 0x0000000089500000|  0%| F|  |TAMS 0x0000000089400000, 0x0000000089400000| Untracked 
| 121|0x0000000089500000, 0x0000000089500000, 0x0000000089600000|  0%| F|  |TAMS 0x0000000089500000, 0x0000000089500000| Untracked 
| 122|0x0000000089600000, 0x0000000089600000, 0x0000000089700000|  0%| F|  |TAMS 0x0000000089600000, 0x0000000089600000| Untracked 
| 123|0x0000000089700000, 0x0000000089700000, 0x0000000089800000|  0%| F|  |TAMS 0x0000000089700000, 0x0000000089700000| Untracked 
| 124|0x0000000089800000, 0x0000000089800000, 0x0000000089900000|  0%| F|  |TAMS 0x0000000089800000, 0x0000000089800000| Untracked 
| 125|0x0000000089900000, 0x0000000089a00000, 0x0000000089a00000|100%| E|  |TAMS 0x0000000089900000, 0x0000000089900000| Complete 
| 126|0x0000000089a00000, 0x0000000089b00000, 0x0000000089b00000|100%| E|CS|TAMS 0x0000000089a00000, 0x0000000089a00000| Complete 
| 127|0x0000000089b00000, 0x0000000089c00000, 0x0000000089c00000|100%| E|CS|TAMS 0x0000000089b00000, 0x0000000089b00000| Complete 

Card table byte_map: [0x0000015d7ec00000,0x0000015d7f000000] _byte_map_base: 0x0000015d7e7f2000

Marking Bits (Prev, Next): (CMBitMap*) 0x0000015d670c4758, (CMBitMap*) 0x0000015d670c4790
 Prev Bits: [0x0000015d00000000, 0x0000015d01f90000)
 Next Bits: [0x0000015d01f90000, 0x0000015d03f20000)

Polling page: 0x0000015d66860000

Metaspace:

Usage:
  Non-class:      6.06 MB capacity,     5.98 MB ( 99%) used,    78.03 KB (  1%) free+waste,     4.50 KB ( <1%) overhead. 
      Class:    643.00 KB capacity,   582.08 KB ( 91%) used,    58.73 KB (  9%) free+waste,     2.19 KB ( <1%) overhead. 
       Both:      6.69 MB capacity,     6.55 MB ( 98%) used,   136.77 KB (  2%) free+waste,     6.69 KB ( <1%) overhead. 

Virtual space:
  Non-class space:        8.00 MB reserved,       6.25 MB ( 78%) committed 
      Class space:        1.00 GB reserved,     768.00 KB ( <1%) committed 
             Both:        1.01 GB reserved,       7.00 MB ( <1%) committed 

Chunk freelists:
   Non-Class:  1.00 KB
       Class:  29.00 KB
        Both:  30.00 KB

MaxMetaspaceSize: 17179869184.00 GB
CompressedClassSpaceSize: 1.00 GB
Initial GC threshold: 20.80 MB
Current GC threshold: 20.80 MB
CDS: off

CodeHeap 'non-profiled nmethods': size=120064Kb used=102Kb max_used=102Kb free=119961Kb
 bounds [0x0000015d772c0000, 0x0000015d77530000, 0x0000015d7e800000]
CodeHeap 'profiled nmethods': size=120000Kb used=404Kb max_used=404Kb free=119595Kb
 bounds [0x0000015d6fd90000, 0x0000015d70000000, 0x0000015d772c0000]
CodeHeap 'non-nmethods': size=5696Kb used=1100Kb max_used=1108Kb free=4595Kb
 bounds [0x0000015d6f800000, 0x0000015d6fa70000, 0x0000015d6fd90000]
 total_blobs=673 nmethods=330 adapters=256
 compilation: enabled
              stopped_count=0, restarted_count=0
 full_count=0

Compilation events (20 events):
Event: 0.473 Thread 0x0000015d7f91a800  321       3       java.util.jar.JarFile::getJarEntry (9 bytes)
Event: 0.474 Thread 0x0000015d7f91a800 nmethod 321 0x0000015d6fdf0d90 code [0x0000015d6fdf0fc0, 0x0000015d6fdf1748]
Event: 0.474 Thread 0x0000015d7f91a800  322       3       java.util.jar.JarFile::getEntry (22 bytes)
Event: 0.475 Thread 0x0000015d7f91a800 nmethod 322 0x0000015d6fdf1990 code [0x0000015d6fdf1bc0, 0x0000015d6fdf22e8]
Event: 0.475 Thread 0x0000015d7f91a800  323       3       java.io.WinNTFileSystem::normalize (143 bytes)
Event: 0.477 Thread 0x0000015d7f91a800 nmethod 323 0x0000015d6fdf2590 code [0x0000015d6fdf2820, 0x0000015d6fdf3378]
Event: 0.479 Thread 0x0000015d7f91a800  324       1       java.nio.Buffer::position (5 bytes)
Event: 0.479 Thread 0x0000015d7f91a800 nmethod 324 0x0000015d772d9590 code [0x0000015d772d9740, 0x0000015d772d97f8]
Event: 0.479 Thread 0x0000015d7f91a800  325       1       java.nio.Buffer::limit (5 bytes)
Event: 0.479 Thread 0x0000015d7f91a800 nmethod 325 0x0000015d772d9890 code [0x0000015d772d9a40, 0x0000015d772d9af8]
Event: 0.479 Thread 0x0000015d7f91a800  326       3       java.util.Collections$UnmodifiableCollection$1::next (10 bytes)
Event: 0.480 Thread 0x0000015d7f91a800 nmethod 326 0x0000015d6fdf3810 code [0x0000015d6fdf39c0, 0x0000015d6fdf3b88]
Event: 0.480 Thread 0x0000015d7f91a800  327       3       sun.nio.cs.SingleByte$Encoder::encode (32 bytes)
Event: 0.481 Thread 0x0000015d7f91a800 nmethod 327 0x0000015d6fdf3c90 code [0x0000015d6fdf3e40, 0x0000015d6fdf3ff8]
Event: 0.482 Thread 0x0000015d7f91a800  328       3       java.nio.Buffer::position (52 bytes)
Event: 0.482 Thread 0x0000015d7f91a800 nmethod 328 0x0000015d6fdf4110 code [0x0000015d6fdf42e0, 0x0000015d6fdf4548]
Event: 0.482 Thread 0x0000015d7f91a800  329       3       java.nio.ByteBuffer::arrayOffset (35 bytes)
Event: 0.483 Thread 0x0000015d7f91a800 nmethod 329 0x0000015d6fdf4610 code [0x0000015d6fdf47e0, 0x0000015d6fdf4a58]
Event: 0.483 Thread 0x0000015d7f91a800  330       3       java.nio.CharBuffer::arrayOffset (35 bytes)
Event: 0.483 Thread 0x0000015d7f91a800 nmethod 330 0x0000015d6fdf4b90 code [0x0000015d6fdf4d60, 0x0000015d6fdf4fd8]

GC Heap History (0 events):
No events

Deoptimization events (12 events):
Event: 0.299 Thread 0x0000015d67082800 Uncommon trap: trap_request=0xffffff4d fr.pc=0x0000015d772c8628 relative=0x0000000000000188
Event: 0.299 Thread 0x0000015d67082800 Uncommon trap: reason=unstable_if action=reinterpret pc=0x0000015d772c8628 method=java.lang.String.hashCode()I @ 22 c2
Event: 0.299 Thread 0x0000015d67082800 DEOPT PACKING pc=0x0000015d772c8628 sp=0x0000001ae91fed00
Event: 0.299 Thread 0x0000015d67082800 DEOPT UNPACKING pc=0x0000015d6f84a1af sp=0x0000001ae91fec88 mode 2
Event: 0.367 Thread 0x0000015d67082800 Uncommon trap: trap_request=0xffffff4d fr.pc=0x0000015d772cafa8 relative=0x0000000000000188
Event: 0.367 Thread 0x0000015d67082800 Uncommon trap: reason=unstable_if action=reinterpret pc=0x0000015d772cafa8 method=java.lang.String.equals(Ljava/lang/Object;)Z @ 27 c2
Event: 0.367 Thread 0x0000015d67082800 DEOPT PACKING pc=0x0000015d772cafa8 sp=0x0000001ae91feb90
Event: 0.367 Thread 0x0000015d67082800 DEOPT UNPACKING pc=0x0000015d6f84a1af sp=0x0000001ae91feb30 mode 2
Event: 0.411 Thread 0x0000015d67082800 DEOPT PACKING pc=0x0000015d6fdc94bb sp=0x0000001ae91fb020
Event: 0.411 Thread 0x0000015d67082800 DEOPT UNPACKING pc=0x0000015d6f84a95e sp=0x0000001ae91fa4f0 mode 0
Event: 0.413 Thread 0x0000015d67082800 DEOPT PACKING pc=0x0000015d6fdc94bb sp=0x0000001ae91fb020
Event: 0.413 Thread 0x0000015d67082800 DEOPT UNPACKING pc=0x0000015d6f84a95e sp=0x0000001ae91fa4f0 mode 0

Classes redefined (0 events):
No events

Internal exceptions (2 events):
Event: 0.478 Thread 0x0000015d67082800 Exception <a 'java/io/FileNotFoundException'{0x00000000899d2828}> (0x00000000899d2828) thrown at [s\src\hotspot\share\prims\jni.cpp, line 617]
Event: 0.482 Thread 0x0000015d67082800 Exception <a 'java/lang/reflect/InvocationTargetException'{0x00000000899d8b38}> (0x00000000899d8b38) thrown at [s\src\hotspot\share\runtime\reflection.cpp, line 1245]

Events (20 events):
Event: 0.471 loading class org/jacoco/agent/rt/internal_43f5073/Agent$2
Event: 0.471 loading class org/jacoco/agent/rt/internal_43f5073/Agent$2 done
Event: 0.472 loading class java/lang/NoSuchFieldError
Event: 0.472 loading class java/lang/IncompatibleClassChangeError
Event: 0.472 loading class java/lang/IncompatibleClassChangeError done
Event: 0.472 loading class java/lang/NoSuchFieldError done
Event: 0.472 loading class org/jacoco/agent/rt/internal_43f5073/output/FileOutput
Event: 0.472 loading class org/jacoco/agent/rt/internal_43f5073/output/FileOutput done
Event: 0.478 loading class java/io/FileNotFoundException
Event: 0.478 loading class java/io/FileNotFoundException done
Event: 0.478 Executing VM operation: Deoptimize
Event: 0.478 Executing VM operation: Deoptimize done
Event: 0.478 loading class java/lang/Throwable$WrappedPrintStream
Event: 0.478 loading class java/lang/Throwable$PrintStreamOrWriter
Event: 0.478 loading class java/lang/Throwable$PrintStreamOrWriter done
Event: 0.478 loading class java/lang/Throwable$WrappedPrintStream done
Event: 0.479 loading class java/lang/StackTraceElement$HashedModules
Event: 0.479 loading class java/lang/StackTraceElement$HashedModules done
Event: 0.481 loading class java/lang/reflect/InvocationTargetException
Event: 0.482 loading class java/lang/reflect/InvocationTargetException done


Dynamic libraries:
0x00007ff6a4820000 - 0x00007ff6a482e000 	C:\Program Files\Eclipse Adoptium\jdk-11.0.20.8-hotspot\bin\java.exe
0x00007ffcce4f0000 - 0x00007ffcce6e7000 	C:\Windows\SYSTEM32\ntdll.dll
0x00007ffccd660000 - 0x00007ffccd71d000 	C:\Windows\System32\KERNEL32.DLL
0x00007ffccc020000 - 0x00007ffccc316000 	C:\Windows\System32\KERNELBASE.dll
0x00007ffccbbd0000 - 0x00007ffccbcd0000 	C:\Windows\System32\ucrtbase.dll
0x00007ffcb0540000 - 0x00007ffcb0558000 	C:\Program Files\Eclipse Adoptium\jdk-11.0.20.8-hotspot\bin\jli.dll
0x00007ffccd170000 - 0x00007ffccd30e000 	C:\Windows\System32\USER32.dll
0x00007ffccbcd0000 - 0x00007ffccbcf2000 	C:\Windows\System32\win32u.dll
0x00007ffccd310000 - 0x00007ffccd33c000 	C:\Windows\System32\GDI32.dll
0x00007ffccbda0000 - 0x00007ffccbeba000 	C:\Windows\System32\gdi32full.dll
0x00007ffccbd00000 - 0x00007ffccbd9d000 	C:\Windows\System32\msvcp_win.dll
0x00007ffcb7e90000 - 0x00007ffcb812a000 	C:\Windows\WinSxS\amd64_microsoft.windows.common-controls_6595b64144ccf1df_6.0.19041.3570_none_60bb2a3971f3e41a\COMCTL32.dll
0x00007ffcce140000 - 0x00007ffcce1de000 	C:\Windows\System32\msvcrt.dll
0x00007ffcb1ad0000 - 0x00007ffcb1ae9000 	C:\Program Files\Eclipse Adoptium\jdk-11.0.20.8-hotspot\bin\VCRUNTIME140.dll
0x00007ffcce110000 - 0x00007ffcce140000 	C:\Windows\System32\IMM32.DLL
0x00007ffcaee60000 - 0x00007ffcaee6c000 	C:\Program Files\Eclipse Adoptium\jdk-11.0.20.8-hotspot\bin\vcruntime140_1.dll
0x00007ffc5dd10000 - 0x00007ffc5dda1000 	C:\Program Files\Eclipse Adoptium\jdk-11.0.20.8-hotspot\bin\msvcp140.dll
0x00007ffc5c130000 - 0x00007ffc5ccec000 	C:\Program Files\Eclipse Adoptium\jdk-11.0.20.8-hotspot\bin\server\jvm.dll
0x00007ffcce1f0000 - 0x00007ffcce29e000 	C:\Windows\System32\ADVAPI32.dll
0x00007ffcce2a0000 - 0x00007ffcce33c000 	C:\Windows\System32\sechost.dll
0x00007ffccc5b0000 - 0x00007ffccc6d6000 	C:\Windows\System32\RPCRT4.dll
0x00007ffcce3a0000 - 0x00007ffcce3a8000 	C:\Windows\System32\PSAPI.DLL
0x00007ffcacad0000 - 0x00007ffcacad9000 	C:\Windows\SYSTEM32\WSOCK32.dll
0x00007ffcb9d90000 - 0x00007ffcb9db7000 	C:\Windows\SYSTEM32\WINMM.dll
0x00007ffcc4140000 - 0x00007ffcc414a000 	C:\Windows\SYSTEM32\VERSION.dll
0x00007ffccd730000 - 0x00007ffccd79b000 	C:\Windows\System32\WS2_32.dll
0x00007ffcc9a40000 - 0x00007ffcc9a52000 	C:\Windows\SYSTEM32\kernel.appcore.dll
0x00007ffcae9a0000 - 0x00007ffcae9b0000 	C:\Program Files\Eclipse Adoptium\jdk-11.0.20.8-hotspot\bin\verify.dll
0x00007ffcbc870000 - 0x00007ffcbca54000 	C:\Windows\SYSTEM32\DBGHELP.DLL
0x00007ffcbc830000 - 0x00007ffcbc864000 	C:\Windows\SYSTEM32\dbgcore.DLL
0x00007ffccc490000 - 0x00007ffccc512000 	C:\Windows\System32\bcryptPrimitives.dll
0x00007ffca9560000 - 0x00007ffca9588000 	C:\Program Files\Eclipse Adoptium\jdk-11.0.20.8-hotspot\bin\java.dll
0x00007ffcae990000 - 0x00007ffcae99a000 	C:\Program Files\Eclipse Adoptium\jdk-11.0.20.8-hotspot\bin\jimage.dll
0x00007ffcc46c0000 - 0x00007ffcc46ce000 	C:\Program Files\Eclipse Adoptium\jdk-11.0.20.8-hotspot\bin\instrument.dll
0x00007ffca42e0000 - 0x00007ffca42f8000 	C:\Program Files\Eclipse Adoptium\jdk-11.0.20.8-hotspot\bin\zip.dll
0x00007ffccc6e0000 - 0x00007ffccce24000 	C:\Windows\System32\SHELL32.dll
0x00007ffcc9c40000 - 0x00007ffcca3db000 	C:\Windows\SYSTEM32\windows.storage.dll
0x00007ffccdc70000 - 0x00007ffccdfc4000 	C:\Windows\System32\combase.dll
0x00007ffccb510000 - 0x00007ffccb53d000 	C:\Windows\SYSTEM32\Wldp.dll
0x00007ffccce90000 - 0x00007ffcccf3d000 	C:\Windows\System32\SHCORE.dll
0x00007ffccd420000 - 0x00007ffccd475000 	C:\Windows\System32\shlwapi.dll
0x00007ffccbad0000 - 0x00007ffccbaf5000 	C:\Windows\SYSTEM32\profapi.dll
0x00007ffcae2e0000 - 0x00007ffcae2f9000 	C:\Program Files\Eclipse Adoptium\jdk-11.0.20.8-hotspot\bin\net.dll
0x00007ffcc2740000 - 0x00007ffcc284a000 	C:\Windows\SYSTEM32\WINHTTP.dll
0x00007ffccb270000 - 0x00007ffccb2da000 	C:\Windows\system32\mswsock.dll
0x00007ffcae2c0000 - 0x00007ffcae2d3000 	C:\Program Files\Eclipse Adoptium\jdk-11.0.20.8-hotspot\bin\nio.dll
0x00007ffcaaef0000 - 0x00007ffcaaf07000 	C:\Windows\system32\napinsp.dll
0x00007ffca99b0000 - 0x00007ffca99cb000 	C:\Windows\system32\pnrpnsp.dll
0x00007ffcb64d0000 - 0x00007ffcb64e5000 	C:\Windows\system32\wshbth.dll
0x00007ffcc7520000 - 0x00007ffcc753d000 	C:\Windows\system32\NLAapi.dll
0x00007ffccaf60000 - 0x00007ffccaf9b000 	C:\Windows\SYSTEM32\IPHLPAPI.DLL
0x00007ffccafa0000 - 0x00007ffccb06a000 	C:\Windows\SYSTEM32\DNSAPI.dll
0x00007ffcce1e0000 - 0x00007ffcce1e8000 	C:\Windows\System32\NSI.dll
0x00007ffca9990000 - 0x00007ffca99a2000 	C:\Windows\System32\winrnr.dll
0x00007ffcbfd40000 - 0x00007ffcbfd4a000 	C:\Windows\System32\rasadhlp.dll
0x00007ffcbf990000 - 0x00007ffcbfa12000 	C:\Windows\System32\fwpuclnt.dll
0x00007ffccbba0000 - 0x00007ffccbbc7000 	C:\Windows\System32\bcrypt.dll

dbghelp: loaded successfully - version: 4.0.5 - missing functions: none
symbol engine: initialized successfully - sym options: 0x614 - pdb path: .;C:\Program Files\Eclipse Adoptium\jdk-11.0.20.8-hotspot\bin;C:\Windows\SYSTEM32;C:\Windows\WinSxS\amd64_microsoft.windows.common-controls_6595b64144ccf1df_6.0.19041.3570_none_60bb2a3971f3e41a;C:\Program Files\Eclipse Adoptium\jdk-11.0.20.8-hotspot\bin\server

VM Arguments:
jvm_args: -javaagent:C:\\Users\\Юлин ноутбук\\.m2\\repository\\org\\jacoco\\org.jacoco.agent\\0.8.5\\org.jacoco.agent-0.8.5-runtime.jar=destfile=C:\\Users\\Юлин ноутбук\\Desktop\\Temp\\TeamProjectJava\\target\\jacoco.exec 
java_command: C:\Users\170D~1\AppData\Local\Temp\surefire17233524615573201084\surefirebooter1151299376918232542.jar C:\Users\Юлин ноутбук\AppData\Local\Temp\surefire17233524615573201084 2023-11-16T23-04-36_901-jvmRun1 surefire17996917814296034674tmp surefire_013972186718482888079tmp
java_class_path (initial): C:\Users\170D~1\AppData\Local\Temp\surefire17233524615573201084\surefirebooter1151299376918232542.jar
Launcher Type: SUN_STANDARD

[Global flags]
     intx CICompilerCount                          = 3                                         {product} {ergonomic}
     uint ConcGCThreads                            = 1                                         {product} {ergonomic}
     uint G1ConcRefinementThreads                  = 4                                         {product} {ergonomic}
   size_t G1HeapRegionSize                         = 1048576                                   {product} {ergonomic}
    uintx GCDrainStackTargetSize                   = 64                                        {product} {ergonomic}
   size_t InitialHeapSize                          = 134217728                                 {product} {ergonomic}
   size_t MarkStackSize                            = 4194304                                   {product} {ergonomic}
   size_t MaxHeapSize                              = 2118123520                                {product} {ergonomic}
   size_t MaxNewSize                               = 1270874112                                {product} {ergonomic}
   size_t MinHeapDeltaBytes                        = 1048576                                   {product} {ergonomic}
    uintx NonNMethodCodeHeapSize                   = 5830732                                {pd product} {ergonomic}
    uintx NonProfiledCodeHeapSize                  = 122913754                              {pd product} {ergonomic}
    uintx ProfiledCodeHeapSize                     = 122913754                              {pd product} {ergonomic}
    uintx ReservedCodeCacheSize                    = 251658240                              {pd product} {ergonomic}
     bool SegmentedCodeCache                       = true                                      {product} {ergonomic}
     bool UseCompressedClassPointers               = true                                 {lp64_product} {ergonomic}
     bool UseCompressedOops                        = true                                 {lp64_product} {ergonomic}
     bool UseG1GC                                  = true                                      {product} {ergonomic}
     bool UseLargePagesIndividualAllocation        = false                                  {pd product} {ergonomic}

Logging:
Log output configuration:
 #0: stdout all=warning uptime,level,tags
 #1: stderr all=off uptime,level,tags

Environment Variables:
PATH=C:\Program Files\Eclipse Adoptium\jdk-11.0.20.8-hotspot\bin;C:\Windows\system32;C:\Windows;C:\Windows\System32\Wbem;C:\Windows\System32\WindowsPowerShell\v1.0\;C:\Windows\System32\OpenSSH\;C:\Program Files (x86)\Common Files\Acronis\SnapAPI\;C:\Program Files\Intel\WiFi\bin\;C:\Program Files\Common Files\Intel\WirelessCommon\;C:\Program Files (x86)\NVIDIA Corporation\PhysX\Common;C:\Program Files\Git\cmd;C:\Users\Юлин ноутбук\AppData\Local\Microsoft\WindowsApps;C:\Program Files\Intel\WiFi\bin\;C:\Program Files\Common Files\Intel\WirelessCommon\;C:\Users\Юлин ноутбук\AppData\Local\Programs\Microsoft VS Code\bin;C:\Program Files\JetBrains\IntelliJ IDEA Community Edition 2023.2.1\bin;
USERNAME=Юлин ноутбук
OS=Windows_NT
PROCESSOR_IDENTIFIER=Intel64 Family 6 Model 60 Stepping 3, GenuineIntel
TMP=C:\Users\170D~1\AppData\Local\Temp
TEMP=C:\Users\170D~1\AppData\Local\Temp



---------------  S Y S T E M  ---------------

OS: Windows 10 , 64 bit Build 19041 (10.0.19041.3570)
OS uptime: 0 days 0:19 hours

CPU:total 4 (initial active 4) (2 cores per cpu, 2 threads per core) family 6 model 60 stepping 3 microcode 0x27, cmov, cx8, fxsr, mmx, sse, sse2, sse3, ssse3, sse4.1, sse4.2, popcnt, avx, avx2, clmul, erms, lzcnt, ht, tsc, tscinvbit, bmi1, bmi2, fma

Memory: 4k page, system-wide physical 8076M (1095M free)
TotalPageFile size 12172M (AvailPageFile size 3038M)
current process WorkingSet (physical memory assigned to process): 40M, peak: 40M
current process commit charge ("private bytes"): 199M, peak: 199M

vm_info: OpenJDK 64-Bit Server VM (11.0.20+8) for windows-amd64 JRE (11.0.20+8), built on Jul 18 2023 17:06:26 by "" with MS VC++ 16.7 (VS2019)

END.
